<?xml version="1.0" encoding="UTF-8"?>
<!-- Generated by org.testng.reporters.JUnitXMLReporter -->
<testsuite ignored="0" hostname="LMMUM-LP-0175" failures="0" tests="3" name="Command line test" time="0.057" errors="0" timestamp="2022-11-21T16:16:00 IST">
  <testcase classname="mavenja.ApTest" name="api" time="0.004"/>
  <testcase classname="mavenja.seleniumTest" name="jiraa" time="0.0"/>
  <testcase classname="mavenja.seleniumTest" name="neww" time="0.0"/>
</testsuite> <!-- Command line test -->
