<?xml version="1.0" encoding="UTF-8"?>
<testng-results ignored="0" total="3" passed="3" failed="0" skipped="0">
  <reporter-output>
  </reporter-output>
  <suite started-at="2022-11-21T16:15:59 IST" name="Command line suite" finished-at="2022-11-21T16:15:59 IST" duration-ms="57">
    <groups>
    </groups>
    <test started-at="2022-11-21T16:15:59 IST" name="Command line test" finished-at="2022-11-21T16:15:59 IST" duration-ms="57">
      <class name="mavenja.seleniumTest">
        <test-method signature="jiraa()[pri:0, instance:mavenja.seleniumTest@6236eb5f]" started-at="2022-11-21T16:15:59 IST" name="jiraa" finished-at="2022-11-21T16:15:59 IST" duration-ms="0" status="PASS">
          <reporter-output>
          </reporter-output>
        </test-method> <!-- jiraa -->
        <test-method signature="neww()[pri:0, instance:mavenja.seleniumTest@6236eb5f]" started-at="2022-11-21T16:15:59 IST" name="neww" finished-at="2022-11-21T16:15:59 IST" duration-ms="0" status="PASS">
          <reporter-output>
          </reporter-output>
        </test-method> <!-- neww -->
      </class> <!-- mavenja.seleniumTest -->
      <class name="mavenja.ApTest">
        <test-method signature="api()[pri:0, instance:mavenja.ApTest@683dbc2c]" started-at="2022-11-21T16:15:59 IST" name="api" finished-at="2022-11-21T16:15:59 IST" duration-ms="4" status="PASS">
          <reporter-output>
          </reporter-output>
        </test-method> <!-- api -->
      </class> <!-- mavenja.ApTest -->
    </test> <!-- Command line test -->
  </suite> <!-- Command line suite -->
</testng-results>
